Removed Pin From Net: NetName=A0 Pin=R73-1
Removed Pin From Net: NetName=A1 Pin=R73-2
Removed Pin From Net: NetName=A2 Pin=R73-3
Removed Pin From Net: NetName=A3 Pin=R73-4
Removed Pin From Net: NetName=SDA10 Pin=U1-100
Removed Pin From Net: NetName=NBS3 Pin=U1-101
Removed Pin From Net: NetName=NBS1 Pin=U1-102
Removed Pin From Net: NetName=SDCS Pin=U1-103
Removed Pin From Net: NetName=SDCLK Pin=U1-115
Removed Pin From Net: NetName=WEN Pin=U1-116
Removed Pin From Net: NetName=SDCLKE Pin=U1-117
Added Component: Designator=R74(CAC-50P205X105-8M)
Added Component: Designator=R75(CAC-50P205X105-8M)
Added Component: Designator=R76(CAC-50P205X105-8M)
Added Component: Designator=R77(CAC-50P205X105-8M)
Added Component: Designator=R78(CAC-50P205X105-8M)
Added Pin To Net: NetName=GND Pin=C27-1
Added Pin To Net: NetName=A3 Pin=R73-5
Added Pin To Net: NetName=A2 Pin=R73-6
Added Pin To Net: NetName=A1 Pin=R73-7
Added Pin To Net: NetName=A0 Pin=R73-8
Added Pin To Net: NetName=A7 Pin=R74-5
Added Pin To Net: NetName=A6 Pin=R74-6
Added Pin To Net: NetName=A5 Pin=R74-7
Added Pin To Net: NetName=A4 Pin=R74-8
Added Pin To Net: NetName=A11 Pin=R75-5
Added Pin To Net: NetName=A10 Pin=R75-6
Added Pin To Net: NetName=A9 Pin=R75-7
Added Pin To Net: NetName=A8 Pin=R75-8
Added Pin To Net: NetName=SDCS Pin=R76-5
Added Pin To Net: NetName=NBS1 Pin=R76-6
Added Pin To Net: NetName=NBS3 Pin=R76-7
Added Pin To Net: NetName=SDA10 Pin=R76-8
Added Pin To Net: NetName=SDCLKE Pin=R77-6
Added Pin To Net: NetName=WEN Pin=R77-7
Added Pin To Net: NetName=SDCLK Pin=R77-8
Added Pin To Net: NetName=A17 Pin=R78-5
Added Pin To Net: NetName=A16 Pin=R78-6
Added Pin To Net: NetName=A14 Pin=R78-7
Added Pin To Net: NetName=A13 Pin=R78-8
Added Pin To Net: NetName=NetR73_1 Pin=R73-1
Added Pin To Net: NetName=NetR73_1 Pin=U1-99
Added Net: Name=NetR73_1
Added Pin To Net: NetName=NetR73_2 Pin=R73-2
Added Pin To Net: NetName=NetR73_2 Pin=U1-98
Added Net: Name=NetR73_2
Added Pin To Net: NetName=NetR73_3 Pin=R73-3
Added Pin To Net: NetName=NetR73_3 Pin=U1-97
Added Net: Name=NetR73_3
Added Pin To Net: NetName=NetR73_4 Pin=R73-4
Added Pin To Net: NetName=NetR73_4 Pin=U1-96
Added Net: Name=NetR73_4
Added Pin To Net: NetName=NetR74_1 Pin=R74-1
Added Pin To Net: NetName=NetR74_1 Pin=U1-95
Added Net: Name=NetR74_1
Added Pin To Net: NetName=NetR74_2 Pin=R74-2
Added Pin To Net: NetName=NetR74_2 Pin=U1-94
Added Net: Name=NetR74_2
Added Pin To Net: NetName=NetR74_3 Pin=R74-3
Added Pin To Net: NetName=NetR74_3 Pin=U1-93
Added Net: Name=NetR74_3
Added Pin To Net: NetName=NetR74_4 Pin=R74-4
Added Pin To Net: NetName=NetR74_4 Pin=U1-92
Added Net: Name=NetR74_4
Added Pin To Net: NetName=NetR75_1 Pin=R75-1
Added Pin To Net: NetName=NetR75_1 Pin=U1-89
Added Net: Name=NetR75_1
Added Pin To Net: NetName=NetR75_2 Pin=R75-2
Added Pin To Net: NetName=NetR75_2 Pin=U1-88
Added Net: Name=NetR75_2
Added Pin To Net: NetName=NetR75_3 Pin=R75-3
Added Pin To Net: NetName=NetR75_3 Pin=U1-87
Added Net: Name=NetR75_3
Added Pin To Net: NetName=NetR75_4 Pin=R75-4
Added Pin To Net: NetName=NetR75_4 Pin=U1-86
Added Net: Name=NetR75_4
Added Pin To Net: NetName=NetR76_1 Pin=R76-1
Added Pin To Net: NetName=NetR76_1 Pin=U1-100
Added Net: Name=NetR76_1
Added Pin To Net: NetName=NetR76_2 Pin=R76-2
Added Pin To Net: NetName=NetR76_2 Pin=U1-101
Added Net: Name=NetR76_2
Added Pin To Net: NetName=NetR76_3 Pin=R76-3
Added Pin To Net: NetName=NetR76_3 Pin=U1-102
Added Net: Name=NetR76_3
Added Pin To Net: NetName=NetR76_4 Pin=R76-4
Added Pin To Net: NetName=NetR76_4 Pin=U1-103
Added Net: Name=NetR76_4
Added Pin To Net: NetName=NetR77_1 Pin=R77-1
Added Pin To Net: NetName=NetR77_1 Pin=U1-115
Added Net: Name=NetR77_1
Added Pin To Net: NetName=NetR77_2 Pin=R77-2
Added Pin To Net: NetName=NetR77_2 Pin=U1-116
Added Net: Name=NetR77_2
Added Pin To Net: NetName=NetR77_3 Pin=R77-3
Added Pin To Net: NetName=NetR77_3 Pin=U1-117
Added Net: Name=NetR77_3
Added Pin To Net: NetName=NetR78_1 Pin=R78-1
Added Pin To Net: NetName=NetR78_1 Pin=U1-84
Added Net: Name=NetR78_1
Added Pin To Net: NetName=NetR78_2 Pin=R78-2
Added Pin To Net: NetName=NetR78_2 Pin=U1-83
Added Net: Name=NetR78_2
Added Pin To Net: NetName=NetR78_3 Pin=R78-3
Added Pin To Net: NetName=NetR78_3 Pin=U1-81
Added Net: Name=NetR78_3
Added Pin To Net: NetName=NetR78_4 Pin=R78-4
Added Pin To Net: NetName=NetR78_4 Pin=U1-80
Added Net: Name=NetR78_4
Added Member To Class: ClassName=Network Member=Component C27 Cap
Added Member To Class: ClassName=Core Member=Component R74 ChipArray_4x
Added Member To Class: ClassName=Core Member=Component R75 ChipArray_4x
Added Member To Class: ClassName=Core Member=Component R76 ChipArray_4x
Added Member To Class: ClassName=Core Member=Component R77 ChipArray_4x
Added Member To Class: ClassName=Core Member=Component R78 ChipArray_4x
