Removed Pin From Net: NetName=VCC_3V3 Pin=C27-2
Added Component: Designator=C23(C0805)
Added Component: Designator=C24(C0805)
Added Component: Designator=C25(C0805)
Added Component: Designator=C26(C0805)
Added Component: Designator=C27(C0805)
Added Component: Designator=C28(C0805)
Added Component: Designator=C29(1812)
Added Component: Designator=C30(1812)
Added Component: Designator=C31(C0805)
Added Component: Designator=C32(C0805)
Added Component: Designator=C33(C0805)
Added Component: Designator=R10(C0805)
Added Component: Designator=R11(C0805)
Added Component: Designator=R12(C0805)
Added Component: Designator=R13(C0805)
Added Component: Designator=R14(C0805)
Added Component: Designator=R15(C0805)
Added Component: Designator=R16(C0805)
Added Component: Designator=R17(C0805)
Added Component: Designator=R18(C0805)
Added Component: Designator=R19(C0805)
Added Component: Designator=R20(C0805)
Added Component: Designator=R21(C0805)
Added Component: Designator=R22(C0805)
Added Pin To Net: NetName=NetC23_1 Pin=C23-1
Added Pin To Net: NetName=GND Pin=C23-2
Added Pin To Net: NetName=NetC24_1 Pin=C24-1
Added Pin To Net: NetName=GND Pin=C24-2
Added Pin To Net: NetName=VCC_3V3 Pin=C25-1
Added Pin To Net: NetName=GND Pin=C25-2
Added Pin To Net: NetName=GND Pin=C26-1
Added Pin To Net: NetName=VCC_3V3 Pin=C26-2
Added Pin To Net: NetName=GND Pin=C27-1
Added Pin To Net: NetName=NetC27_2 Pin=C27-2
Added Pin To Net: NetName=VCC_3V3 Pin=C27-2
Added Pin To Net: NetName=GND Pin=C28-1
Added Pin To Net: NetName=VCC_3V3 Pin=C28-2
Added Pin To Net: NetName=NetC29_1 Pin=C29-1
Added Pin To Net: NetName=GND Pin=C29-2
Added Pin To Net: NetName=VCC_3V3 Pin=C30-1
Added Pin To Net: NetName=GND Pin=C30-2
Added Pin To Net: NetName=GND Pin=C31-1
Added Pin To Net: NetName=NetC29_1 Pin=C31-2
Added Pin To Net: NetName=GND Pin=C32-1
Added Pin To Net: NetName=NetC29_1 Pin=C32-2
Added Pin To Net: NetName=GND Pin=C33-1
Added Pin To Net: NetName=NetC29_1 Pin=C33-2
Added Pin To Net: NetName=NetR10_1 Pin=R10-1
Added Pin To Net: NetName=LINK_LED Pin=R10-2
Added Pin To Net: NetName=NetR11_1 Pin=R11-1
Added Pin To Net: NetName=ACT_LED Pin=R11-2
Added Pin To Net: NetName=ERXDV Pin=R12-1
Added Pin To Net: NetName=NetR12_2 Pin=R12-2
Added Pin To Net: NetName=VCC_3V3 Pin=R13-1
Added Pin To Net: NetName=NetLAN1_9 Pin=R13-2
Added Pin To Net: NetName=VCC_3V3 Pin=R14-1
Added Pin To Net: NetName=NetLAN1_12 Pin=R14-2
Added Pin To Net: NetName=NetR15_1 Pin=R15-1
Added Pin To Net: NetName=ETXEN Pin=R15-2
Added Pin To Net: NetName=EMDC Pin=R16-1
Added Pin To Net: NetName=VCC_3V3 Pin=R16-2
Added Pin To Net: NetName=VCC_3V3 Pin=R17-1
Added Pin To Net: NetName=EMDIO Pin=R17-2
Added Pin To Net: NetName=NetR18_1 Pin=R18-1
Added Pin To Net: NetName=ETX0 Pin=R18-2
Added Pin To Net: NetName=NetR19_1 Pin=R19-1
Added Pin To Net: NetName=ETX1 Pin=R19-2
Added Pin To Net: NetName=NetR20_1 Pin=R20-1
Added Pin To Net: NetName=ERX0 Pin=R20-2
Added Pin To Net: NetName=NetR21_1 Pin=R21-1
Added Pin To Net: NetName=ERX1 Pin=R21-2
Added Pin To Net: NetName=GND Pin=R22-1
Added Pin To Net: NetName=NetR22_2 Pin=R22-2
Added Member To Class: ClassName=Network Member=Component C23 Cap
Added Member To Class: ClassName=Network Member=Component C24 Cap
Added Member To Class: ClassName=Network Member=Component C25 Cap
Added Member To Class: ClassName=Network Member=Component C26 Cap
Added Member To Class: ClassName=Network Member=Component C27 Cap
Added Member To Class: ClassName=Network Member=Component C28 Cap
Added Member To Class: ClassName=Network Member=Component C29 Cap Pol3
Added Member To Class: ClassName=Network Member=Component C30 Cap Pol3
Added Member To Class: ClassName=Network Member=Component C31 Cap
Added Member To Class: ClassName=Network Member=Component C32 Cap
Added Member To Class: ClassName=Network Member=Component C33 Cap
Added Member To Class: ClassName=Network Member=Component R10 Res Semi
Added Member To Class: ClassName=Network Member=Component R11 Res Semi
Added Member To Class: ClassName=Network Member=Component R12 Res Semi
Added Member To Class: ClassName=Network Member=Component R13 Res Semi
Added Member To Class: ClassName=Network Member=Component R14 Res Semi
Added Member To Class: ClassName=Network Member=Component R15 Res Semi
Added Member To Class: ClassName=Network Member=Component R16 Res Semi
Added Member To Class: ClassName=Network Member=Component R17 Res Semi
Added Member To Class: ClassName=Network Member=Component R18 Res Semi
Added Member To Class: ClassName=Network Member=Component R19 Res Semi
Added Member To Class: ClassName=Network Member=Component R20 Res Semi
Added Member To Class: ClassName=Network Member=Component R21 Res Semi
Added Member To Class: ClassName=Network Member=Component R22 Res Semi
