Removed Pin From Net: NetName=ERX0 Pin=R20-2
Removed Pin From Net: NetName=ERX1 Pin=R21-2
Removed Pin From Net: NetName=ERXER Pin=R68-2
Removed Member From Class: ClassName=Network Member=R20
Removed Member From Class: ClassName=Network Member=R21
Removed Member From Class: ClassName=Network Member=R68
Change Component DesignItemId : Designator=R12 Old DesignItemId=Res Semi New DesignItemId=ChipArray_4x
Change Component Footprint: Designator=R12 Old Footprint=C0805 New Footprint=CAC-50P205X105-8M
Change Component Comment : Designator=R12 Old Comment=Res Semi New Comment=ChipArray_4x
Added Pin To Net: NetName=ERXER Pin=R12-2
Added Pin To Net: NetName=ERX0 Pin=R12-3
Added Pin To Net: NetName=ERX1 Pin=R12-4
Added Pin To Net: NetName=NetR12_5 Pin=R12-5
Added Pin To Net: NetName=NetR12_5 Pin=U5-44
Added Net: Name=NetR12_5
Added Pin To Net: NetName=NetR12_6 Pin=R12-6
Added Pin To Net: NetName=NetR12_6 Pin=U5-43
Added Net: Name=NetR12_6
Added Pin To Net: NetName=NetR12_7 Pin=R12-7
Added Pin To Net: NetName=NetR12_7 Pin=U5-41
Added Net: Name=NetR12_7
Added Pin To Net: NetName=NetR12_8 Pin=R12-8
Added Pin To Net: NetName=NetR12_8 Pin=U5-40
Added Net: Name=NetR12_8
